[2024-05-29T07:07:45.273+0000] {manager.py:487} INFO - Processing files using up to 2 processes at a time 
[2024-05-29T07:07:45.277+0000] {manager.py:488} INFO - Process each file at most once every 30 seconds
[2024-05-29T07:07:45.292+0000] {manager.py:489} INFO - Checking for new files in /opt/airflow/dags every 300 seconds
[2024-05-29T07:07:45.306+0000] {manager.py:759} INFO - Searching for files in /opt/airflow/dags
[2024-05-29T07:07:45.429+0000] {manager.py:762} INFO - There are 1 files in /opt/airflow/dags
[2024-05-29T07:08:23.668+0000] {manager.py:893} INFO - 
================================================================================
DAG File Processing Stats

File Path                           PID  Runtime      # DAGs    # Errors  Last Runtime    Last Run
--------------------------------  -----  ---------  --------  ----------  --------------  ----------
/opt/airflow/dags/pyspark_dag.py    161  2.93s             0           0
================================================================================
[2024-05-29T07:08:54.440+0000] {manager.py:893} INFO - 
================================================================================
DAG File Processing Stats

File Path                         PID    Runtime      # DAGs    # Errors  Last Runtime    Last Run
--------------------------------  -----  ---------  --------  ----------  --------------  -------------------
/opt/airflow/dags/pyspark_dag.py                           1           0  8.77s           2024-05-29T07:08:29
================================================================================
[2024-05-29T07:09:25.076+0000] {manager.py:893} INFO - 
================================================================================
DAG File Processing Stats

File Path                         PID    Runtime      # DAGs    # Errors  Last Runtime    Last Run
--------------------------------  -----  ---------  --------  ----------  --------------  -------------------
/opt/airflow/dags/pyspark_dag.py                           1           0  6.44s           2024-05-29T07:09:06
================================================================================
[2024-05-29T07:09:55.409+0000] {manager.py:893} INFO - 
================================================================================
DAG File Processing Stats

File Path                         PID    Runtime      # DAGs    # Errors  Last Runtime    Last Run
--------------------------------  -----  ---------  --------  ----------  --------------  -------------------
/opt/airflow/dags/pyspark_dag.py                           1           0  1.18s           2024-05-29T07:09:38
================================================================================
[2024-05-29T07:12:40.742+0000] {manager.py:487} INFO - Processing files using up to 2 processes at a time 
[2024-05-29T07:12:40.759+0000] {manager.py:488} INFO - Process each file at most once every 30 seconds
[2024-05-29T07:12:40.783+0000] {manager.py:489} INFO - Checking for new files in /opt/airflow/dags every 300 seconds
[2024-05-29T07:12:40.785+0000] {manager.py:759} INFO - Searching for files in /opt/airflow/dags
[2024-05-29T07:12:41.014+0000] {manager.py:762} INFO - There are 1 files in /opt/airflow/dags
[2024-05-29T07:12:46.703+0000] {manager.py:893} INFO - 
================================================================================
DAG File Processing Stats

File Path                           PID  Runtime      # DAGs    # Errors  Last Runtime    Last Run
--------------------------------  -----  ---------  --------  ----------  --------------  ----------
/opt/airflow/dags/pyspark_dag.py    160  0.71s             0           0
================================================================================
[2024-05-29T07:13:17.116+0000] {manager.py:893} INFO - 
================================================================================
DAG File Processing Stats

File Path                         PID    Runtime      # DAGs    # Errors  Last Runtime    Last Run
--------------------------------  -----  ---------  --------  ----------  --------------  -------------------
/opt/airflow/dags/pyspark_dag.py                           1           0  1.64s           2024-05-29T07:12:47
================================================================================
[2024-05-29T07:13:47.467+0000] {manager.py:893} INFO - 
================================================================================
DAG File Processing Stats

File Path                         PID    Runtime      # DAGs    # Errors  Last Runtime    Last Run
--------------------------------  -----  ---------  --------  ----------  --------------  -------------------
/opt/airflow/dags/pyspark_dag.py                           1           0  1.10s           2024-05-29T07:13:19
================================================================================
[2024-05-29T07:14:17.754+0000] {manager.py:893} INFO - 
================================================================================
DAG File Processing Stats

File Path                         PID    Runtime      # DAGs    # Errors  Last Runtime    Last Run
--------------------------------  -----  ---------  --------  ----------  --------------  -------------------
/opt/airflow/dags/pyspark_dag.py                           1           0  0.77s           2024-05-29T07:13:50
================================================================================
[2024-05-29T07:14:48.269+0000] {manager.py:893} INFO - 
================================================================================
DAG File Processing Stats

File Path                         PID    Runtime      # DAGs    # Errors  Last Runtime    Last Run
--------------------------------  -----  ---------  --------  ----------  --------------  -------------------
/opt/airflow/dags/pyspark_dag.py                           1           0  0.46s           2024-05-29T07:14:21
================================================================================
[2024-05-29T07:15:18.754+0000] {manager.py:893} INFO - 
================================================================================
DAG File Processing Stats

File Path                         PID    Runtime      # DAGs    # Errors  Last Runtime    Last Run
--------------------------------  -----  ---------  --------  ----------  --------------  -------------------
/opt/airflow/dags/pyspark_dag.py                           1           0  0.31s           2024-05-29T07:14:51
================================================================================
[2024-05-29T07:15:48.871+0000] {manager.py:893} INFO - 
================================================================================
DAG File Processing Stats

File Path                         PID    Runtime      # DAGs    # Errors  Last Runtime    Last Run
--------------------------------  -----  ---------  --------  ----------  --------------  -------------------
/opt/airflow/dags/pyspark_dag.py                           1           0  0.72s           2024-05-29T07:15:22
================================================================================
[2024-05-29T07:16:19.658+0000] {manager.py:893} INFO - 
================================================================================
DAG File Processing Stats

File Path                         PID    Runtime      # DAGs    # Errors  Last Runtime    Last Run
--------------------------------  -----  ---------  --------  ----------  --------------  -------------------
/opt/airflow/dags/pyspark_dag.py                           1           0  0.45s           2024-05-29T07:15:53
================================================================================
[2024-05-29T07:16:50.098+0000] {manager.py:893} INFO - 
================================================================================
DAG File Processing Stats

File Path                         PID    Runtime      # DAGs    # Errors  Last Runtime    Last Run
--------------------------------  -----  ---------  --------  ----------  --------------  -------------------
/opt/airflow/dags/pyspark_dag.py                           1           0  0.29s           2024-05-29T07:16:24
================================================================================
[2024-05-29T07:17:20.608+0000] {manager.py:893} INFO - 
================================================================================
DAG File Processing Stats

File Path                         PID    Runtime      # DAGs    # Errors  Last Runtime    Last Run
--------------------------------  -----  ---------  --------  ----------  --------------  -------------------
/opt/airflow/dags/pyspark_dag.py                           1           0  0.38s           2024-05-29T07:16:54
================================================================================
[2024-05-29T07:17:41.138+0000] {manager.py:759} INFO - Searching for files in /opt/airflow/dags
[2024-05-29T07:17:41.204+0000] {manager.py:762} INFO - There are 1 files in /opt/airflow/dags
[2024-05-29T07:17:51.436+0000] {manager.py:893} INFO - 
================================================================================
DAG File Processing Stats

File Path                         PID    Runtime      # DAGs    # Errors  Last Runtime    Last Run
--------------------------------  -----  ---------  --------  ----------  --------------  -------------------
/opt/airflow/dags/pyspark_dag.py                           1           0  0.51s           2024-05-29T07:17:25
================================================================================
[2024-05-29T07:18:21.673+0000] {manager.py:893} INFO - 
================================================================================
DAG File Processing Stats

File Path                         PID    Runtime      # DAGs    # Errors  Last Runtime    Last Run
--------------------------------  -----  ---------  --------  ----------  --------------  -------------------
/opt/airflow/dags/pyspark_dag.py                           1           0  0.79s           2024-05-29T07:17:56
================================================================================
[2024-05-29T07:18:52.176+0000] {manager.py:893} INFO - 
================================================================================
DAG File Processing Stats

File Path                         PID    Runtime      # DAGs    # Errors  Last Runtime    Last Run
--------------------------------  -----  ---------  --------  ----------  --------------  -------------------
/opt/airflow/dags/pyspark_dag.py                           1           0  0.67s           2024-05-29T07:18:27
================================================================================
[2024-05-29T07:19:22.348+0000] {manager.py:893} INFO - 
================================================================================
DAG File Processing Stats

File Path                         PID    Runtime      # DAGs    # Errors  Last Runtime    Last Run
--------------------------------  -----  ---------  --------  ----------  --------------  -------------------
/opt/airflow/dags/pyspark_dag.py                           1           0  0.43s           2024-05-29T07:18:58
================================================================================
[2024-05-29T07:19:52.661+0000] {manager.py:893} INFO - 
================================================================================
DAG File Processing Stats

File Path                         PID    Runtime      # DAGs    # Errors  Last Runtime    Last Run
--------------------------------  -----  ---------  --------  ----------  --------------  -------------------
/opt/airflow/dags/pyspark_dag.py                           1           0  0.55s           2024-05-29T07:19:28
================================================================================
[2024-05-29T07:20:22.929+0000] {manager.py:893} INFO - 
================================================================================
DAG File Processing Stats

File Path                         PID    Runtime      # DAGs    # Errors  Last Runtime    Last Run
--------------------------------  -----  ---------  --------  ----------  --------------  -------------------
/opt/airflow/dags/pyspark_dag.py                           1           0  0.49s           2024-05-29T07:19:59
================================================================================
[2024-05-29T07:20:53.326+0000] {manager.py:893} INFO - 
================================================================================
DAG File Processing Stats

File Path                         PID    Runtime      # DAGs    # Errors  Last Runtime    Last Run
--------------------------------  -----  ---------  --------  ----------  --------------  -------------------
/opt/airflow/dags/pyspark_dag.py                           1           0  0.63s           2024-05-29T07:20:30
================================================================================
[2024-05-29T07:21:23.728+0000] {manager.py:893} INFO - 
================================================================================
DAG File Processing Stats

File Path                         PID    Runtime      # DAGs    # Errors  Last Runtime    Last Run
--------------------------------  -----  ---------  --------  ----------  --------------  -------------------
/opt/airflow/dags/pyspark_dag.py                           1           0  0.48s           2024-05-29T07:21:01
================================================================================
[2024-05-29T07:21:53.826+0000] {manager.py:893} INFO - 
================================================================================
DAG File Processing Stats

File Path                         PID    Runtime      # DAGs    # Errors  Last Runtime    Last Run
--------------------------------  -----  ---------  --------  ----------  --------------  -------------------
/opt/airflow/dags/pyspark_dag.py                           1           0  0.74s           2024-05-29T07:21:32
================================================================================
[2024-05-29T07:22:24.314+0000] {manager.py:893} INFO - 
================================================================================
DAG File Processing Stats

File Path                         PID    Runtime      # DAGs    # Errors  Last Runtime    Last Run
--------------------------------  -----  ---------  --------  ----------  --------------  -------------------
/opt/airflow/dags/pyspark_dag.py                           1           0  0.35s           2024-05-29T07:22:03
================================================================================
[2024-05-29T07:22:41.218+0000] {manager.py:759} INFO - Searching for files in /opt/airflow/dags
[2024-05-29T07:22:41.467+0000] {manager.py:762} INFO - There are 1 files in /opt/airflow/dags
[2024-05-29T07:22:54.919+0000] {manager.py:893} INFO - 
================================================================================
DAG File Processing Stats

File Path                         PID    Runtime      # DAGs    # Errors  Last Runtime    Last Run
--------------------------------  -----  ---------  --------  ----------  --------------  -------------------
/opt/airflow/dags/pyspark_dag.py                           1           0  1.37s           2024-05-29T07:22:35
================================================================================
[2024-05-29T07:23:25.072+0000] {manager.py:893} INFO - 
================================================================================
DAG File Processing Stats

File Path                         PID    Runtime      # DAGs    # Errors  Last Runtime    Last Run
--------------------------------  -----  ---------  --------  ----------  --------------  -------------------
/opt/airflow/dags/pyspark_dag.py                           1           0  1.53s           2024-05-29T07:23:06
================================================================================
[2024-05-29T07:23:55.526+0000] {manager.py:893} INFO - 
================================================================================
DAG File Processing Stats

File Path                         PID    Runtime      # DAGs    # Errors  Last Runtime    Last Run
--------------------------------  -----  ---------  --------  ----------  --------------  -------------------
/opt/airflow/dags/pyspark_dag.py                           1           0  0.70s           2024-05-29T07:23:37
================================================================================
[2024-05-29T07:24:25.569+0000] {manager.py:893} INFO - 
================================================================================
DAG File Processing Stats

File Path                         PID    Runtime      # DAGs    # Errors  Last Runtime    Last Run
--------------------------------  -----  ---------  --------  ----------  --------------  -------------------
/opt/airflow/dags/pyspark_dag.py                           1           0  1.69s           2024-05-29T07:24:10
================================================================================
[2024-05-29T07:24:56.249+0000] {manager.py:893} INFO - 
================================================================================
DAG File Processing Stats

File Path                         PID    Runtime      # DAGs    # Errors  Last Runtime    Last Run
--------------------------------  -----  ---------  --------  ----------  --------------  -------------------
/opt/airflow/dags/pyspark_dag.py                           1           0  0.75s           2024-05-29T07:24:40
================================================================================
[2024-05-29T07:25:26.287+0000] {manager.py:893} INFO - 
================================================================================
DAG File Processing Stats

File Path                         PID    Runtime      # DAGs    # Errors  Last Runtime    Last Run
--------------------------------  -----  ---------  --------  ----------  --------------  -------------------
/opt/airflow/dags/pyspark_dag.py                           1           0  0.45s           2024-05-29T07:25:12
================================================================================
[2024-05-29T07:25:56.606+0000] {manager.py:893} INFO - 
================================================================================
DAG File Processing Stats

File Path                         PID    Runtime      # DAGs    # Errors  Last Runtime    Last Run
--------------------------------  -----  ---------  --------  ----------  --------------  -------------------
/opt/airflow/dags/pyspark_dag.py                           1           0  1.19s           2024-05-29T07:25:43
================================================================================
[2024-05-29T07:26:26.681+0000] {manager.py:893} INFO - 
================================================================================
DAG File Processing Stats

File Path                         PID    Runtime      # DAGs    # Errors  Last Runtime    Last Run
--------------------------------  -----  ---------  --------  ----------  --------------  -------------------
/opt/airflow/dags/pyspark_dag.py                           1           0  2.17s           2024-05-29T07:26:16
================================================================================
[2024-05-29T07:26:57.118+0000] {manager.py:893} INFO - 
================================================================================
DAG File Processing Stats

File Path                         PID    Runtime      # DAGs    # Errors  Last Runtime    Last Run
--------------------------------  -----  ---------  --------  ----------  --------------  -------------------
/opt/airflow/dags/pyspark_dag.py                           1           0  0.63s           2024-05-29T07:26:47
================================================================================
[2024-05-29T07:27:27.162+0000] {manager.py:893} INFO - 
================================================================================
DAG File Processing Stats

File Path                         PID    Runtime      # DAGs    # Errors  Last Runtime    Last Run
--------------------------------  -----  ---------  --------  ----------  --------------  -------------------
/opt/airflow/dags/pyspark_dag.py                           1           0  0.34s           2024-05-29T07:27:17
================================================================================
[2024-05-29T07:30:01.935+0000] {manager.py:487} INFO - Processing files using up to 2 processes at a time 
[2024-05-29T07:30:01.939+0000] {manager.py:488} INFO - Process each file at most once every 30 seconds
[2024-05-29T07:30:01.942+0000] {manager.py:489} INFO - Checking for new files in /opt/airflow/dags every 300 seconds
[2024-05-29T07:30:01.944+0000] {manager.py:759} INFO - Searching for files in /opt/airflow/dags
[2024-05-29T07:30:02.437+0000] {manager.py:762} INFO - There are 1 files in /opt/airflow/dags
[2024-05-29T07:30:07.299+0000] {manager.py:893} INFO - 
================================================================================
DAG File Processing Stats

File Path                           PID  Runtime      # DAGs    # Errors  Last Runtime    Last Run
--------------------------------  -----  ---------  --------  ----------  --------------  ----------
/opt/airflow/dags/pyspark_dag.py    160  0.64s             0           0
================================================================================
[2024-05-29T07:30:37.829+0000] {manager.py:893} INFO - 
================================================================================
DAG File Processing Stats

File Path                           PID  Runtime      # DAGs    # Errors  Last Runtime    Last Run
--------------------------------  -----  ---------  --------  ----------  --------------  -------------------
/opt/airflow/dags/pyspark_dag.py    165  0.04s             0           1  0.73s           2024-05-29T07:30:07
================================================================================
[2024-05-29T07:31:09.707+0000] {manager.py:893} INFO - 
================================================================================
DAG File Processing Stats

File Path                           PID  Runtime      # DAGs    # Errors  Last Runtime    Last Run
--------------------------------  -----  ---------  --------  ----------  --------------  -------------------
/opt/airflow/dags/pyspark_dag.py    170  0.08s             0           1  0.60s           2024-05-29T07:30:38
================================================================================
[2024-05-29T07:31:40.349+0000] {manager.py:893} INFO - 
================================================================================
DAG File Processing Stats

File Path                         PID    Runtime      # DAGs    # Errors  Last Runtime    Last Run
--------------------------------  -----  ---------  --------  ----------  --------------  -------------------
/opt/airflow/dags/pyspark_dag.py                           0           1  1.29s           2024-05-29T07:31:10
================================================================================
[2024-05-29T07:32:10.715+0000] {manager.py:893} INFO - 
================================================================================
DAG File Processing Stats

File Path                         PID    Runtime      # DAGs    # Errors  Last Runtime    Last Run
--------------------------------  -----  ---------  --------  ----------  --------------  -------------------
/opt/airflow/dags/pyspark_dag.py                           1           0  1.26s           2024-05-29T07:32:05
================================================================================
[2024-05-29T07:32:40.885+0000] {manager.py:893} INFO - 
================================================================================
DAG File Processing Stats

File Path                         PID    Runtime      # DAGs    # Errors  Last Runtime    Last Run
--------------------------------  -----  ---------  --------  ----------  --------------  -------------------
/opt/airflow/dags/pyspark_dag.py                           1           0  0.58s           2024-05-29T07:32:36
================================================================================
[2024-05-29T07:33:11.364+0000] {manager.py:893} INFO - 
================================================================================
DAG File Processing Stats

File Path                           PID  Runtime      # DAGs    # Errors  Last Runtime    Last Run
--------------------------------  -----  ---------  --------  ----------  --------------  -------------------
/opt/airflow/dags/pyspark_dag.py    190  2.78s             1           0  0.58s           2024-05-29T07:32:36
================================================================================
[2024-05-29T07:33:43.198+0000] {manager.py:893} INFO - 
================================================================================
DAG File Processing Stats

File Path                           PID  Runtime      # DAGs    # Errors  Last Runtime    Last Run
--------------------------------  -----  ---------  --------  ----------  --------------  -------------------
/opt/airflow/dags/pyspark_dag.py    195  0.59s             1           0  3.00s           2024-05-29T07:33:11
================================================================================
[2024-05-29T07:33:57.174+0000] {manager.py:469} INFO - Exiting gracefully upon receiving signal 15
[2024-05-29T07:35:46.770+0000] {manager.py:487} INFO - Processing files using up to 2 processes at a time 
[2024-05-29T07:35:46.811+0000] {manager.py:488} INFO - Process each file at most once every 30 seconds
[2024-05-29T07:35:46.846+0000] {manager.py:489} INFO - Checking for new files in /opt/airflow/dags every 300 seconds
[2024-05-29T07:35:46.870+0000] {manager.py:759} INFO - Searching for files in /opt/airflow/dags
[2024-05-29T07:35:47.453+0000] {manager.py:762} INFO - There are 1 files in /opt/airflow/dags
[2024-05-29T07:35:55.213+0000] {manager.py:893} INFO - 
================================================================================
DAG File Processing Stats

File Path                           PID  Runtime      # DAGs    # Errors  Last Runtime    Last Run
--------------------------------  -----  ---------  --------  ----------  --------------  ----------
/opt/airflow/dags/pyspark_dag.py    160  0.67s             0           0
================================================================================
[2024-05-29T07:36:25.307+0000] {manager.py:893} INFO - 
================================================================================
DAG File Processing Stats

File Path                         PID    Runtime      # DAGs    # Errors  Last Runtime    Last Run
--------------------------------  -----  ---------  --------  ----------  --------------  -------------------
/opt/airflow/dags/pyspark_dag.py                           1           0  1.22s           2024-05-29T07:35:55
================================================================================
[2024-05-29T07:36:55.485+0000] {manager.py:893} INFO - 
================================================================================
DAG File Processing Stats

File Path                         PID    Runtime      # DAGs    # Errors  Last Runtime    Last Run
--------------------------------  -----  ---------  --------  ----------  --------------  -------------------
/opt/airflow/dags/pyspark_dag.py                           1           0  1.50s           2024-05-29T07:36:28
================================================================================
[2024-05-29T07:37:26.140+0000] {manager.py:893} INFO - 
================================================================================
DAG File Processing Stats

File Path                         PID    Runtime      # DAGs    # Errors  Last Runtime    Last Run
--------------------------------  -----  ---------  --------  ----------  --------------  -------------------
/opt/airflow/dags/pyspark_dag.py                           1           0  1.28s           2024-05-29T07:36:59
================================================================================
[2024-05-29T07:37:56.548+0000] {manager.py:893} INFO - 
================================================================================
DAG File Processing Stats

File Path                         PID    Runtime      # DAGs    # Errors  Last Runtime    Last Run
--------------------------------  -----  ---------  --------  ----------  --------------  -------------------
/opt/airflow/dags/pyspark_dag.py                           1           0  0.96s           2024-05-29T07:37:31
================================================================================
[2024-05-29T07:38:27.154+0000] {manager.py:893} INFO - 
================================================================================
DAG File Processing Stats

File Path                         PID    Runtime      # DAGs    # Errors  Last Runtime    Last Run
--------------------------------  -----  ---------  --------  ----------  --------------  -------------------
/opt/airflow/dags/pyspark_dag.py                           1           0  1.20s           2024-05-29T07:38:02
================================================================================
[2024-05-29T07:38:57.413+0000] {manager.py:893} INFO - 
================================================================================
DAG File Processing Stats

File Path                         PID    Runtime      # DAGs    # Errors  Last Runtime    Last Run
--------------------------------  -----  ---------  --------  ----------  --------------  -------------------
/opt/airflow/dags/pyspark_dag.py                           1           0  1.85s           2024-05-29T07:38:35
================================================================================
[2024-05-29T07:39:27.724+0000] {manager.py:893} INFO - 
================================================================================
DAG File Processing Stats

File Path                         PID    Runtime      # DAGs    # Errors  Last Runtime    Last Run
--------------------------------  -----  ---------  --------  ----------  --------------  -------------------
/opt/airflow/dags/pyspark_dag.py                           1           0  0.61s           2024-05-29T07:39:06
================================================================================
[2024-05-29T07:39:58.255+0000] {manager.py:893} INFO - 
================================================================================
DAG File Processing Stats

File Path                         PID    Runtime      # DAGs    # Errors  Last Runtime    Last Run
--------------------------------  -----  ---------  --------  ----------  --------------  -------------------
/opt/airflow/dags/pyspark_dag.py                           1           0  1.86s           2024-05-29T07:39:39
================================================================================
[2024-05-29T07:40:28.492+0000] {manager.py:893} INFO - 
================================================================================
DAG File Processing Stats

File Path                         PID    Runtime      # DAGs    # Errors  Last Runtime    Last Run
--------------------------------  -----  ---------  --------  ----------  --------------  -------------------
/opt/airflow/dags/pyspark_dag.py                           1           0  0.82s           2024-05-29T07:40:10
================================================================================
[2024-05-29T07:40:47.228+0000] {manager.py:759} INFO - Searching for files in /opt/airflow/dags
[2024-05-29T07:40:47.303+0000] {manager.py:762} INFO - There are 1 files in /opt/airflow/dags
[2024-05-29T07:40:59.475+0000] {manager.py:893} INFO - 
================================================================================
DAG File Processing Stats

File Path                         PID    Runtime      # DAGs    # Errors  Last Runtime    Last Run
--------------------------------  -----  ---------  --------  ----------  --------------  -------------------
/opt/airflow/dags/pyspark_dag.py                           1           0  0.52s           2024-05-29T07:40:41
================================================================================
[2024-05-29T07:41:30.106+0000] {manager.py:893} INFO - 
================================================================================
DAG File Processing Stats

File Path                         PID    Runtime      # DAGs    # Errors  Last Runtime    Last Run
--------------------------------  -----  ---------  --------  ----------  --------------  -------------------
/opt/airflow/dags/pyspark_dag.py                           1           0  0.45s           2024-05-29T07:41:12
================================================================================
[2024-05-29T07:42:00.928+0000] {manager.py:893} INFO - 
================================================================================
DAG File Processing Stats

File Path                         PID    Runtime      # DAGs    # Errors  Last Runtime    Last Run
--------------------------------  -----  ---------  --------  ----------  --------------  -------------------
/opt/airflow/dags/pyspark_dag.py                           1           0  3.48s           2024-05-29T07:41:45
================================================================================
[2024-05-29T07:42:30.977+0000] {manager.py:893} INFO - 
================================================================================
DAG File Processing Stats

File Path                         PID    Runtime      # DAGs    # Errors  Last Runtime    Last Run
--------------------------------  -----  ---------  --------  ----------  --------------  -------------------
/opt/airflow/dags/pyspark_dag.py                           1           0  2.34s           2024-05-29T07:42:18
================================================================================
[2024-05-29T07:43:01.736+0000] {manager.py:893} INFO - 
================================================================================
DAG File Processing Stats

File Path                         PID    Runtime      # DAGs    # Errors  Last Runtime    Last Run
--------------------------------  -----  ---------  --------  ----------  --------------  -------------------
/opt/airflow/dags/pyspark_dag.py                           1           0  0.35s           2024-05-29T07:42:49
================================================================================
[2024-05-29T07:43:32.079+0000] {manager.py:893} INFO - 
================================================================================
DAG File Processing Stats

File Path                         PID    Runtime      # DAGs    # Errors  Last Runtime    Last Run
--------------------------------  -----  ---------  --------  ----------  --------------  -------------------
/opt/airflow/dags/pyspark_dag.py                           1           0  0.89s           2024-05-29T07:43:20
================================================================================
[2024-05-29T07:44:02.850+0000] {manager.py:893} INFO - 
================================================================================
DAG File Processing Stats

File Path                         PID    Runtime      # DAGs    # Errors  Last Runtime    Last Run
--------------------------------  -----  ---------  --------  ----------  --------------  -------------------
/opt/airflow/dags/pyspark_dag.py                           1           0  0.92s           2024-05-29T07:43:52
================================================================================
[2024-05-29T07:44:33.129+0000] {manager.py:893} INFO - 
================================================================================
DAG File Processing Stats

File Path                         PID    Runtime      # DAGs    # Errors  Last Runtime    Last Run
--------------------------------  -----  ---------  --------  ----------  --------------  -------------------
/opt/airflow/dags/pyspark_dag.py                           1           0  0.55s           2024-05-29T07:44:22
================================================================================
[2024-05-29T07:45:03.223+0000] {manager.py:893} INFO - 
================================================================================
DAG File Processing Stats

File Path                         PID    Runtime      # DAGs    # Errors  Last Runtime    Last Run
--------------------------------  -----  ---------  --------  ----------  --------------  -------------------
/opt/airflow/dags/pyspark_dag.py                           1           0  1.25s           2024-05-29T07:44:55
================================================================================
[2024-05-29T07:45:33.619+0000] {manager.py:893} INFO - 
================================================================================
DAG File Processing Stats

File Path                         PID    Runtime      # DAGs    # Errors  Last Runtime    Last Run
--------------------------------  -----  ---------  --------  ----------  --------------  -------------------
/opt/airflow/dags/pyspark_dag.py                           1           0  0.79s           2024-05-29T07:45:26
================================================================================
[2024-05-29T07:45:47.736+0000] {manager.py:759} INFO - Searching for files in /opt/airflow/dags
[2024-05-29T07:45:47.771+0000] {manager.py:762} INFO - There are 1 files in /opt/airflow/dags
[2024-05-29T07:46:03.943+0000] {manager.py:893} INFO - 
================================================================================
DAG File Processing Stats

File Path                         PID    Runtime      # DAGs    # Errors  Last Runtime    Last Run
--------------------------------  -----  ---------  --------  ----------  --------------  -------------------
/opt/airflow/dags/pyspark_dag.py                           1           0  0.46s           2024-05-29T07:45:56
================================================================================
[2024-05-29T07:46:34.605+0000] {manager.py:893} INFO - 
================================================================================
DAG File Processing Stats

File Path                         PID    Runtime      # DAGs    # Errors  Last Runtime    Last Run
--------------------------------  -----  ---------  --------  ----------  --------------  -------------------
/opt/airflow/dags/pyspark_dag.py                           1           0  0.32s           2024-05-29T07:46:27
================================================================================
[2024-05-29T07:47:04.738+0000] {manager.py:893} INFO - 
================================================================================
DAG File Processing Stats

File Path                         PID    Runtime      # DAGs    # Errors  Last Runtime    Last Run
--------------------------------  -----  ---------  --------  ----------  --------------  -------------------
/opt/airflow/dags/pyspark_dag.py                           1           0  1.26s           2024-05-29T07:46:59
================================================================================
[2024-05-29T07:47:34.781+0000] {manager.py:893} INFO - 
================================================================================
DAG File Processing Stats

File Path                         PID    Runtime      # DAGs    # Errors  Last Runtime    Last Run
--------------------------------  -----  ---------  --------  ----------  --------------  -------------------
/opt/airflow/dags/pyspark_dag.py                           1           0  0.31s           2024-05-29T07:47:30
================================================================================
[2024-05-29T07:48:05.131+0000] {manager.py:893} INFO - 
================================================================================
DAG File Processing Stats

File Path                         PID    Runtime      # DAGs    # Errors  Last Runtime    Last Run
--------------------------------  -----  ---------  --------  ----------  --------------  -------------------
/opt/airflow/dags/pyspark_dag.py                           1           0  1.00s           2024-05-29T07:48:01
================================================================================
[2024-05-29T07:48:35.595+0000] {manager.py:893} INFO - 
================================================================================
DAG File Processing Stats

File Path                         PID    Runtime      # DAGs    # Errors  Last Runtime    Last Run
--------------------------------  -----  ---------  --------  ----------  --------------  -------------------
/opt/airflow/dags/pyspark_dag.py                           1           0  0.28s           2024-05-29T07:48:31
================================================================================
[2024-05-29T07:49:05.667+0000] {manager.py:893} INFO - 
================================================================================
DAG File Processing Stats

File Path                         PID    Runtime      # DAGs    # Errors  Last Runtime    Last Run
--------------------------------  -----  ---------  --------  ----------  --------------  -------------------
/opt/airflow/dags/pyspark_dag.py                           1           0  0.58s           2024-05-29T07:49:02
================================================================================
[2024-05-29T07:49:36.222+0000] {manager.py:893} INFO - 
================================================================================
DAG File Processing Stats

File Path                         PID    Runtime      # DAGs    # Errors  Last Runtime    Last Run
--------------------------------  -----  ---------  --------  ----------  --------------  -------------------
/opt/airflow/dags/pyspark_dag.py                           1           0  0.89s           2024-05-29T07:49:34
================================================================================
[2024-05-29T07:50:07.055+0000] {manager.py:893} INFO - 
================================================================================
DAG File Processing Stats

File Path                         PID    Runtime      # DAGs    # Errors  Last Runtime    Last Run
--------------------------------  -----  ---------  --------  ----------  --------------  -------------------
/opt/airflow/dags/pyspark_dag.py                           1           0  0.85s           2024-05-29T07:50:05
================================================================================
[2024-05-29T07:50:37.230+0000] {manager.py:893} INFO - 
================================================================================
DAG File Processing Stats

File Path                         PID    Runtime      # DAGs    # Errors  Last Runtime    Last Run
--------------------------------  -----  ---------  --------  ----------  --------------  -------------------
/opt/airflow/dags/pyspark_dag.py                           1           0  1.50s           2024-05-29T07:50:37
================================================================================
[2024-05-29T07:50:48.089+0000] {manager.py:759} INFO - Searching for files in /opt/airflow/dags
[2024-05-29T07:50:48.145+0000] {manager.py:762} INFO - There are 1 files in /opt/airflow/dags
[2024-05-29T07:51:07.497+0000] {manager.py:893} INFO - 
================================================================================
DAG File Processing Stats

File Path                           PID  Runtime      # DAGs    # Errors  Last Runtime    Last Run
--------------------------------  -----  ---------  --------  ----------  --------------  -------------------
/opt/airflow/dags/pyspark_dag.py    319  0.04s             1           0  1.50s           2024-05-29T07:50:37
================================================================================
[2024-05-29T07:51:37.561+0000] {manager.py:893} INFO - 
================================================================================
DAG File Processing Stats

File Path                         PID    Runtime      # DAGs    # Errors  Last Runtime    Last Run
--------------------------------  -----  ---------  --------  ----------  --------------  -------------------
/opt/airflow/dags/pyspark_dag.py                           1           0  0.49s           2024-05-29T07:51:07
================================================================================
[2024-05-29T07:52:08.034+0000] {manager.py:893} INFO - 
================================================================================
DAG File Processing Stats

File Path                         PID    Runtime      # DAGs    # Errors  Last Runtime    Last Run
--------------------------------  -----  ---------  --------  ----------  --------------  -------------------
/opt/airflow/dags/pyspark_dag.py                           1           0  0.94s           2024-05-29T07:51:39
================================================================================
[2024-05-29T07:52:38.387+0000] {manager.py:893} INFO - 
================================================================================
DAG File Processing Stats

File Path                         PID    Runtime      # DAGs    # Errors  Last Runtime    Last Run
--------------------------------  -----  ---------  --------  ----------  --------------  -------------------
/opt/airflow/dags/pyspark_dag.py                           1           0  0.36s           2024-05-29T07:52:09
================================================================================
[2024-05-29T07:53:08.963+0000] {manager.py:893} INFO - 
================================================================================
DAG File Processing Stats

File Path                         PID    Runtime      # DAGs    # Errors  Last Runtime    Last Run
--------------------------------  -----  ---------  --------  ----------  --------------  -------------------
/opt/airflow/dags/pyspark_dag.py                           1           0  0.38s           2024-05-29T07:52:40
================================================================================
[2024-05-29T07:53:39.157+0000] {manager.py:893} INFO - 
================================================================================
DAG File Processing Stats

File Path                         PID    Runtime      # DAGs    # Errors  Last Runtime    Last Run
--------------------------------  -----  ---------  --------  ----------  --------------  -------------------
/opt/airflow/dags/pyspark_dag.py                           1           0  0.28s           2024-05-29T07:53:11
================================================================================
[2024-05-29T07:54:09.873+0000] {manager.py:893} INFO - 
================================================================================
DAG File Processing Stats

File Path                         PID    Runtime      # DAGs    # Errors  Last Runtime    Last Run
--------------------------------  -----  ---------  --------  ----------  --------------  -------------------
/opt/airflow/dags/pyspark_dag.py                           1           0  1.99s           2024-05-29T07:54:05
================================================================================
[2024-05-29T07:54:27.370+0000] {manager.py:469} INFO - Exiting gracefully upon receiving signal 15
[2024-05-29T07:57:14.417+0000] {manager.py:487} INFO - Processing files using up to 2 processes at a time 
[2024-05-29T07:57:14.599+0000] {manager.py:488} INFO - Process each file at most once every 30 seconds
[2024-05-29T07:57:14.669+0000] {manager.py:489} INFO - Checking for new files in /opt/airflow/dags every 300 seconds
[2024-05-29T07:57:14.733+0000] {manager.py:759} INFO - Searching for files in /opt/airflow/dags
[2024-05-29T07:57:15.443+0000] {manager.py:762} INFO - There are 1 files in /opt/airflow/dags
[2024-05-29T07:57:29.940+0000] {manager.py:893} INFO - 
================================================================================
DAG File Processing Stats

File Path                           PID  Runtime      # DAGs    # Errors  Last Runtime    Last Run
--------------------------------  -----  ---------  --------  ----------  --------------  ----------
/opt/airflow/dags/pyspark_dag.py    161  0.79s             0           0
================================================================================
[2024-05-29T07:57:59.996+0000] {manager.py:893} INFO - 
================================================================================
DAG File Processing Stats

File Path                         PID    Runtime      # DAGs    # Errors  Last Runtime    Last Run
--------------------------------  -----  ---------  --------  ----------  --------------  -------------------
/opt/airflow/dags/pyspark_dag.py                           1           0  1.82s           2024-05-29T07:57:30
================================================================================
[2024-05-29T07:58:30.233+0000] {manager.py:893} INFO - 
================================================================================
DAG File Processing Stats

File Path                         PID    Runtime      # DAGs    # Errors  Last Runtime    Last Run
--------------------------------  -----  ---------  --------  ----------  --------------  -------------------
/opt/airflow/dags/pyspark_dag.py                           1           0  3.81s           2024-05-29T07:58:05
================================================================================
[2024-05-29T07:59:00.735+0000] {manager.py:893} INFO - 
================================================================================
DAG File Processing Stats

File Path                         PID    Runtime      # DAGs    # Errors  Last Runtime    Last Run
--------------------------------  -----  ---------  --------  ----------  --------------  -------------------
/opt/airflow/dags/pyspark_dag.py                           1           0  0.38s           2024-05-29T07:58:36
================================================================================
[2024-05-29T07:59:30.822+0000] {manager.py:893} INFO - 
================================================================================
DAG File Processing Stats

File Path                         PID    Runtime      # DAGs    # Errors  Last Runtime    Last Run
--------------------------------  -----  ---------  --------  ----------  --------------  -------------------
/opt/airflow/dags/pyspark_dag.py                           1           0  0.57s           2024-05-29T07:59:07
================================================================================
[2024-05-29T08:00:00.896+0000] {manager.py:893} INFO - 
================================================================================
DAG File Processing Stats

File Path                         PID    Runtime      # DAGs    # Errors  Last Runtime    Last Run
--------------------------------  -----  ---------  --------  ----------  --------------  -------------------
/opt/airflow/dags/pyspark_dag.py                           1           0  0.63s           2024-05-29T07:59:38
================================================================================
[2024-05-29T08:00:31.164+0000] {manager.py:893} INFO - 
================================================================================
DAG File Processing Stats

File Path                         PID    Runtime      # DAGs    # Errors  Last Runtime    Last Run
--------------------------------  -----  ---------  --------  ----------  --------------  -------------------
/opt/airflow/dags/pyspark_dag.py                           1           0  0.37s           2024-05-29T08:00:09
================================================================================
[2024-05-29T08:01:01.513+0000] {manager.py:893} INFO - 
================================================================================
DAG File Processing Stats

File Path                         PID    Runtime      # DAGs    # Errors  Last Runtime    Last Run
--------------------------------  -----  ---------  --------  ----------  --------------  -------------------
/opt/airflow/dags/pyspark_dag.py                           1           0  0.58s           2024-05-29T08:00:40
================================================================================
[2024-05-29T08:01:32.182+0000] {manager.py:893} INFO - 
================================================================================
DAG File Processing Stats

File Path                         PID    Runtime      # DAGs    # Errors  Last Runtime    Last Run
--------------------------------  -----  ---------  --------  ----------  --------------  -------------------
/opt/airflow/dags/pyspark_dag.py                           1           0  0.34s           2024-05-29T08:01:10
================================================================================
[2024-05-29T08:02:02.260+0000] {manager.py:893} INFO - 
================================================================================
DAG File Processing Stats

File Path                         PID    Runtime      # DAGs    # Errors  Last Runtime    Last Run
--------------------------------  -----  ---------  --------  ----------  --------------  -------------------
/opt/airflow/dags/pyspark_dag.py                           1           0  0.40s           2024-05-29T08:01:42
================================================================================
[2024-05-29T08:02:15.387+0000] {manager.py:759} INFO - Searching for files in /opt/airflow/dags
[2024-05-29T08:02:15.588+0000] {manager.py:762} INFO - There are 1 files in /opt/airflow/dags
[2024-05-29T08:02:32.883+0000] {manager.py:893} INFO - 
================================================================================
DAG File Processing Stats

File Path                         PID    Runtime      # DAGs    # Errors  Last Runtime    Last Run
--------------------------------  -----  ---------  --------  ----------  --------------  -------------------
/opt/airflow/dags/pyspark_dag.py                           1           0  0.33s           2024-05-29T08:02:12
================================================================================
[2024-05-29T08:03:03.075+0000] {manager.py:893} INFO - 
================================================================================
DAG File Processing Stats

File Path                         PID    Runtime      # DAGs    # Errors  Last Runtime    Last Run
--------------------------------  -----  ---------  --------  ----------  --------------  -------------------
/opt/airflow/dags/pyspark_dag.py                           1           0  1.26s           2024-05-29T08:02:44
================================================================================
[2024-05-29T08:03:33.269+0000] {manager.py:893} INFO - 
================================================================================
DAG File Processing Stats

File Path                         PID    Runtime      # DAGs    # Errors  Last Runtime    Last Run
--------------------------------  -----  ---------  --------  ----------  --------------  -------------------
/opt/airflow/dags/pyspark_dag.py                           1           0  1.39s           2024-05-29T08:03:16
================================================================================
[2024-05-29T08:04:03.322+0000] {manager.py:893} INFO - 
================================================================================
DAG File Processing Stats

File Path                         PID    Runtime      # DAGs    # Errors  Last Runtime    Last Run
--------------------------------  -----  ---------  --------  ----------  --------------  -------------------
/opt/airflow/dags/pyspark_dag.py                           1           0  1.21s           2024-05-29T08:03:48
================================================================================
[2024-05-29T08:04:33.359+0000] {manager.py:893} INFO - 
================================================================================
DAG File Processing Stats

File Path                         PID    Runtime      # DAGs    # Errors  Last Runtime    Last Run
--------------------------------  -----  ---------  --------  ----------  --------------  -------------------
/opt/airflow/dags/pyspark_dag.py                           1           0  0.66s           2024-05-29T08:04:19
================================================================================
[2024-05-29T08:05:03.761+0000] {manager.py:893} INFO - 
================================================================================
DAG File Processing Stats

File Path                         PID    Runtime      # DAGs    # Errors  Last Runtime    Last Run
--------------------------------  -----  ---------  --------  ----------  --------------  -------------------
/opt/airflow/dags/pyspark_dag.py                           1           0  0.37s           2024-05-29T08:04:49
================================================================================
[2024-05-29T08:05:34.651+0000] {manager.py:893} INFO - 
================================================================================
DAG File Processing Stats

File Path                         PID    Runtime      # DAGs    # Errors  Last Runtime    Last Run
--------------------------------  -----  ---------  --------  ----------  --------------  -------------------
/opt/airflow/dags/pyspark_dag.py                           1           0  0.48s           2024-05-29T08:05:20
================================================================================
[2024-05-29T08:06:05.144+0000] {manager.py:893} INFO - 
================================================================================
DAG File Processing Stats

File Path                         PID    Runtime      # DAGs    # Errors  Last Runtime    Last Run
--------------------------------  -----  ---------  --------  ----------  --------------  -------------------
/opt/airflow/dags/pyspark_dag.py                           1           0  0.33s           2024-05-29T08:05:51
================================================================================
[2024-05-29T08:06:35.403+0000] {manager.py:893} INFO - 
================================================================================
DAG File Processing Stats

File Path                         PID    Runtime      # DAGs    # Errors  Last Runtime    Last Run
--------------------------------  -----  ---------  --------  ----------  --------------  -------------------
/opt/airflow/dags/pyspark_dag.py                           1           0  0.81s           2024-05-29T08:06:22
================================================================================
[2024-05-29T08:07:06.097+0000] {manager.py:893} INFO - 
================================================================================
DAG File Processing Stats

File Path                         PID    Runtime      # DAGs    # Errors  Last Runtime    Last Run
--------------------------------  -----  ---------  --------  ----------  --------------  -------------------
/opt/airflow/dags/pyspark_dag.py                           1           0  0.39s           2024-05-29T08:06:53
================================================================================
[2024-05-29T08:07:16.213+0000] {manager.py:759} INFO - Searching for files in /opt/airflow/dags
[2024-05-29T08:07:16.287+0000] {manager.py:762} INFO - There are 1 files in /opt/airflow/dags
[2024-05-29T08:07:36.645+0000] {manager.py:893} INFO - 
================================================================================
DAG File Processing Stats

File Path                         PID    Runtime      # DAGs    # Errors  Last Runtime    Last Run
--------------------------------  -----  ---------  --------  ----------  --------------  -------------------
/opt/airflow/dags/pyspark_dag.py                           1           0  0.40s           2024-05-29T08:07:23
================================================================================
[2024-05-29T08:08:06.830+0000] {manager.py:893} INFO - 
================================================================================
DAG File Processing Stats

File Path                         PID    Runtime      # DAGs    # Errors  Last Runtime    Last Run
--------------------------------  -----  ---------  --------  ----------  --------------  -------------------
/opt/airflow/dags/pyspark_dag.py                           1           0  0.35s           2024-05-29T08:07:54
================================================================================
[2024-05-29T08:08:37.126+0000] {manager.py:893} INFO - 
================================================================================
DAG File Processing Stats

File Path                         PID    Runtime      # DAGs    # Errors  Last Runtime    Last Run
--------------------------------  -----  ---------  --------  ----------  --------------  -------------------
/opt/airflow/dags/pyspark_dag.py                           1           0  0.30s           2024-05-29T08:08:25
================================================================================
[2024-05-29T08:09:07.484+0000] {manager.py:893} INFO - 
================================================================================
DAG File Processing Stats

File Path                         PID    Runtime      # DAGs    # Errors  Last Runtime    Last Run
--------------------------------  -----  ---------  --------  ----------  --------------  -------------------
/opt/airflow/dags/pyspark_dag.py                           1           0  0.26s           2024-05-29T08:08:55
================================================================================
[2024-05-29T08:09:37.603+0000] {manager.py:893} INFO - 
================================================================================
DAG File Processing Stats

File Path                         PID    Runtime      # DAGs    # Errors  Last Runtime    Last Run
--------------------------------  -----  ---------  --------  ----------  --------------  -------------------
/opt/airflow/dags/pyspark_dag.py                           1           0  0.62s           2024-05-29T08:09:26
================================================================================
[2024-05-29T08:10:07.983+0000] {manager.py:893} INFO - 
================================================================================
DAG File Processing Stats

File Path                         PID    Runtime      # DAGs    # Errors  Last Runtime    Last Run
--------------------------------  -----  ---------  --------  ----------  --------------  -------------------
/opt/airflow/dags/pyspark_dag.py                           1           0  0.52s           2024-05-29T08:09:57
================================================================================
[2024-05-29T08:10:38.082+0000] {manager.py:893} INFO - 
================================================================================
DAG File Processing Stats

File Path                         PID    Runtime      # DAGs    # Errors  Last Runtime    Last Run
--------------------------------  -----  ---------  --------  ----------  --------------  -------------------
/opt/airflow/dags/pyspark_dag.py                           1           0  2.30s           2024-05-29T08:10:29
================================================================================
[2024-05-29T08:10:45.537+0000] {manager.py:469} INFO - Exiting gracefully upon receiving signal 15
[2024-05-29T08:18:00.466+0000] {manager.py:487} INFO - Processing files using up to 2 processes at a time 
[2024-05-29T08:18:00.479+0000] {manager.py:488} INFO - Process each file at most once every 30 seconds
[2024-05-29T08:18:00.482+0000] {manager.py:489} INFO - Checking for new files in /opt/airflow/dags every 300 seconds
[2024-05-29T08:18:00.485+0000] {manager.py:759} INFO - Searching for files in /opt/airflow/dags
[2024-05-29T08:18:01.042+0000] {manager.py:762} INFO - There are 1 files in /opt/airflow/dags
[2024-05-29T08:18:14.746+0000] {manager.py:893} INFO - 
================================================================================
DAG File Processing Stats

File Path                           PID  Runtime      # DAGs    # Errors  Last Runtime    Last Run
--------------------------------  -----  ---------  --------  ----------  --------------  ----------
/opt/airflow/dags/pyspark_dag.py    161  2.00s             0           0
================================================================================
[2024-05-29T08:18:45.340+0000] {manager.py:893} INFO - 
================================================================================
DAG File Processing Stats

File Path                         PID    Runtime      # DAGs    # Errors  Last Runtime    Last Run
--------------------------------  -----  ---------  --------  ----------  --------------  -------------------
/opt/airflow/dags/pyspark_dag.py                           1           0  2.99s           2024-05-29T08:18:15
================================================================================
[2024-05-29T08:19:15.453+0000] {manager.py:893} INFO - 
================================================================================
DAG File Processing Stats

File Path                         PID    Runtime      # DAGs    # Errors  Last Runtime    Last Run
--------------------------------  -----  ---------  --------  ----------  --------------  -------------------
/opt/airflow/dags/pyspark_dag.py                           1           0  1.70s           2024-05-29T08:18:48
================================================================================
[2024-05-29T08:19:44.588+0000] {manager.py:469} INFO - Exiting gracefully upon receiving signal 15
[2024-05-29T08:23:25.430+0000] {manager.py:487} INFO - Processing files using up to 2 processes at a time 
[2024-05-29T08:23:25.434+0000] {manager.py:488} INFO - Process each file at most once every 30 seconds
[2024-05-29T08:23:25.436+0000] {manager.py:489} INFO - Checking for new files in /opt/airflow/dags every 300 seconds
[2024-05-29T08:23:25.439+0000] {manager.py:759} INFO - Searching for files in /opt/airflow/dags
[2024-05-29T08:23:25.479+0000] {manager.py:762} INFO - There are 1 files in /opt/airflow/dags
[2024-05-29T08:23:31.134+0000] {manager.py:893} INFO - 
================================================================================
DAG File Processing Stats

File Path                           PID  Runtime      # DAGs    # Errors  Last Runtime    Last Run
--------------------------------  -----  ---------  --------  ----------  --------------  ----------
/opt/airflow/dags/pyspark_dag.py    161  1.19s             0           0
================================================================================
[2024-05-29T08:24:01.288+0000] {manager.py:893} INFO - 
================================================================================
DAG File Processing Stats

File Path                         PID    Runtime      # DAGs    # Errors  Last Runtime    Last Run
--------------------------------  -----  ---------  --------  ----------  --------------  -------------------
/opt/airflow/dags/pyspark_dag.py                           1           0  1.70s           2024-05-29T08:23:31
================================================================================
[2024-05-29T08:24:31.679+0000] {manager.py:893} INFO - 
================================================================================
DAG File Processing Stats

File Path                         PID    Runtime      # DAGs    # Errors  Last Runtime    Last Run
--------------------------------  -----  ---------  --------  ----------  --------------  -------------------
/opt/airflow/dags/pyspark_dag.py                           1           0  0.97s           2024-05-29T08:24:03
================================================================================
[2024-05-29T08:25:02.485+0000] {manager.py:893} INFO - 
================================================================================
DAG File Processing Stats

File Path                         PID    Runtime      # DAGs    # Errors  Last Runtime    Last Run
--------------------------------  -----  ---------  --------  ----------  --------------  -------------------
/opt/airflow/dags/pyspark_dag.py                           1           0  0.62s           2024-05-29T08:24:34
================================================================================
[2024-05-29T08:25:32.519+0000] {manager.py:893} INFO - 
================================================================================
DAG File Processing Stats

File Path                         PID    Runtime      # DAGs    # Errors  Last Runtime    Last Run
--------------------------------  -----  ---------  --------  ----------  --------------  -------------------
/opt/airflow/dags/pyspark_dag.py                           1           0  3.71s           2024-05-29T08:25:08
================================================================================
[2024-05-29T08:26:02.626+0000] {manager.py:893} INFO - 
================================================================================
DAG File Processing Stats

File Path                         PID    Runtime      # DAGs    # Errors  Last Runtime    Last Run
--------------------------------  -----  ---------  --------  ----------  --------------  -------------------
/opt/airflow/dags/pyspark_dag.py                           1           0  0.47s           2024-05-29T08:25:39
================================================================================
[2024-05-29T08:26:33.118+0000] {manager.py:893} INFO - 
================================================================================
DAG File Processing Stats

File Path                         PID    Runtime      # DAGs    # Errors  Last Runtime    Last Run
--------------------------------  -----  ---------  --------  ----------  --------------  -------------------
/opt/airflow/dags/pyspark_dag.py                           1           0  0.33s           2024-05-29T08:26:10
================================================================================
[2024-05-29T08:27:03.347+0000] {manager.py:893} INFO - 
================================================================================
DAG File Processing Stats

File Path                         PID    Runtime      # DAGs    # Errors  Last Runtime    Last Run
--------------------------------  -----  ---------  --------  ----------  --------------  -------------------
/opt/airflow/dags/pyspark_dag.py                           1           0  1.56s           2024-05-29T08:26:41
================================================================================
[2024-05-29T08:27:33.396+0000] {manager.py:893} INFO - 
================================================================================
DAG File Processing Stats

File Path                         PID    Runtime      # DAGs    # Errors  Last Runtime    Last Run
--------------------------------  -----  ---------  --------  ----------  --------------  -------------------
/opt/airflow/dags/pyspark_dag.py                           1           0  1.61s           2024-05-29T08:27:13
================================================================================
[2024-05-29T08:28:04.312+0000] {manager.py:893} INFO - 
================================================================================
DAG File Processing Stats

File Path                         PID    Runtime      # DAGs    # Errors  Last Runtime    Last Run
--------------------------------  -----  ---------  --------  ----------  --------------  -------------------
/opt/airflow/dags/pyspark_dag.py                           1           0  0.43s           2024-05-29T08:27:44
================================================================================
[2024-05-29T08:28:25.736+0000] {manager.py:759} INFO - Searching for files in /opt/airflow/dags
[2024-05-29T08:28:26.842+0000] {manager.py:762} INFO - There are 1 files in /opt/airflow/dags
[2024-05-29T08:28:34.670+0000] {manager.py:893} INFO - 
================================================================================
DAG File Processing Stats

File Path                         PID    Runtime      # DAGs    # Errors  Last Runtime    Last Run
--------------------------------  -----  ---------  --------  ----------  --------------  -------------------
/opt/airflow/dags/pyspark_dag.py                           1           0  0.36s           2024-05-29T08:28:15
================================================================================
[2024-05-29T08:29:05.120+0000] {manager.py:893} INFO - 
================================================================================
DAG File Processing Stats

File Path                         PID    Runtime      # DAGs    # Errors  Last Runtime    Last Run
--------------------------------  -----  ---------  --------  ----------  --------------  -------------------
/opt/airflow/dags/pyspark_dag.py                           1           0  0.55s           2024-05-29T08:28:46
================================================================================
[2024-05-29T08:29:15.807+0000] {manager.py:469} INFO - Exiting gracefully upon receiving signal 15
[2024-05-29T11:27:00.108+0000] {manager.py:487} INFO - Processing files using up to 2 processes at a time 
[2024-05-29T11:27:00.116+0000] {manager.py:488} INFO - Process each file at most once every 30 seconds
[2024-05-29T11:27:00.119+0000] {manager.py:489} INFO - Checking for new files in /opt/airflow/dags every 300 seconds
[2024-05-29T11:27:00.123+0000] {manager.py:759} INFO - Searching for files in /opt/airflow/dags
[2024-05-29T11:27:00.210+0000] {manager.py:762} INFO - There are 1 files in /opt/airflow/dags
[2024-05-29T11:27:22.586+0000] {manager.py:893} INFO - 
================================================================================
DAG File Processing Stats

File Path                           PID  Runtime      # DAGs    # Errors  Last Runtime    Last Run
--------------------------------  -----  ---------  --------  ----------  --------------  ----------
/opt/airflow/dags/pyspark_dag.py    162  1.32s             0           0
================================================================================
[2024-05-29T11:27:53.306+0000] {manager.py:893} INFO - 
================================================================================
DAG File Processing Stats

File Path                         PID    Runtime      # DAGs    # Errors  Last Runtime    Last Run
--------------------------------  -----  ---------  --------  ----------  --------------  -------------------
/opt/airflow/dags/pyspark_dag.py                           1           0  3.00s           2024-05-29T11:27:24
================================================================================
[2024-05-29T11:28:23.683+0000] {manager.py:893} INFO - 
================================================================================
DAG File Processing Stats

File Path                         PID    Runtime      # DAGs    # Errors  Last Runtime    Last Run
--------------------------------  -----  ---------  --------  ----------  --------------  -------------------
/opt/airflow/dags/pyspark_dag.py                           1           0  1.64s           2024-05-29T11:27:56
================================================================================
[2024-05-29T11:28:54.189+0000] {manager.py:893} INFO - 
================================================================================
DAG File Processing Stats

File Path                         PID    Runtime      # DAGs    # Errors  Last Runtime    Last Run
--------------------------------  -----  ---------  --------  ----------  --------------  -------------------
/opt/airflow/dags/pyspark_dag.py                           1           0  0.92s           2024-05-29T11:28:27
================================================================================
[2024-05-29T11:29:24.637+0000] {manager.py:893} INFO - 
================================================================================
DAG File Processing Stats

File Path                         PID    Runtime      # DAGs    # Errors  Last Runtime    Last Run
--------------------------------  -----  ---------  --------  ----------  --------------  -------------------
/opt/airflow/dags/pyspark_dag.py                           1           0  0.77s           2024-05-29T11:28:58
================================================================================
[2024-05-29T11:29:55.191+0000] {manager.py:893} INFO - 
================================================================================
DAG File Processing Stats

File Path                         PID    Runtime      # DAGs    # Errors  Last Runtime    Last Run
--------------------------------  -----  ---------  --------  ----------  --------------  -------------------
/opt/airflow/dags/pyspark_dag.py                           1           0  0.43s           2024-05-29T11:29:29
================================================================================
[2024-05-29T11:30:26.045+0000] {manager.py:893} INFO - 
================================================================================
DAG File Processing Stats

File Path                         PID    Runtime      # DAGs    # Errors  Last Runtime    Last Run
--------------------------------  -----  ---------  --------  ----------  --------------  -------------------
/opt/airflow/dags/pyspark_dag.py                           1           0  0.58s           2024-05-29T11:29:59
================================================================================
[2024-05-29T11:30:56.471+0000] {manager.py:893} INFO - 
================================================================================
DAG File Processing Stats

File Path                         PID    Runtime      # DAGs    # Errors  Last Runtime    Last Run
--------------------------------  -----  ---------  --------  ----------  --------------  -------------------
/opt/airflow/dags/pyspark_dag.py                           1           0  0.26s           2024-05-29T11:30:30
================================================================================
[2024-05-29T11:31:26.788+0000] {manager.py:893} INFO - 
================================================================================
DAG File Processing Stats

File Path                         PID    Runtime      # DAGs    # Errors  Last Runtime    Last Run
--------------------------------  -----  ---------  --------  ----------  --------------  -------------------
/opt/airflow/dags/pyspark_dag.py                           1           0  0.27s           2024-05-29T11:31:00
================================================================================
[2024-05-29T11:31:57.572+0000] {manager.py:893} INFO - 
================================================================================
DAG File Processing Stats

File Path                         PID    Runtime      # DAGs    # Errors  Last Runtime    Last Run
--------------------------------  -----  ---------  --------  ----------  --------------  -------------------
/opt/airflow/dags/pyspark_dag.py                           1           0  1.35s           2024-05-29T11:31:56
================================================================================
[2024-05-29T11:32:00.595+0000] {manager.py:759} INFO - Searching for files in /opt/airflow/dags
[2024-05-29T11:32:00.698+0000] {manager.py:762} INFO - There are 1 files in /opt/airflow/dags
[2024-05-29T11:32:28.068+0000] {manager.py:893} INFO - 
================================================================================
DAG File Processing Stats

File Path                         PID    Runtime      # DAGs    # Errors  Last Runtime    Last Run
--------------------------------  -----  ---------  --------  ----------  --------------  -------------------
/opt/airflow/dags/pyspark_dag.py                           1           0  0.50s           2024-05-29T11:32:27
================================================================================
[2024-05-29T11:32:58.171+0000] {manager.py:893} INFO - 
================================================================================
DAG File Processing Stats

File Path                         PID    Runtime      # DAGs    # Errors  Last Runtime    Last Run
--------------------------------  -----  ---------  --------  ----------  --------------  -------------------
/opt/airflow/dags/pyspark_dag.py                           1           0  0.36s           2024-05-29T11:32:46
================================================================================
[2024-05-29T11:33:06.564+0000] {manager.py:469} INFO - Exiting gracefully upon receiving signal 15
[2024-05-29T11:35:01.561+0000] {manager.py:487} INFO - Processing files using up to 2 processes at a time 
[2024-05-29T11:35:01.573+0000] {manager.py:488} INFO - Process each file at most once every 30 seconds
[2024-05-29T11:35:01.574+0000] {manager.py:489} INFO - Checking for new files in /opt/airflow/dags every 300 seconds
[2024-05-29T11:35:01.576+0000] {manager.py:759} INFO - Searching for files in /opt/airflow/dags
[2024-05-29T11:35:01.621+0000] {manager.py:762} INFO - There are 1 files in /opt/airflow/dags
[2024-05-29T11:35:06.737+0000] {manager.py:893} INFO - 
================================================================================
DAG File Processing Stats

File Path                           PID  Runtime      # DAGs    # Errors  Last Runtime    Last Run
--------------------------------  -----  ---------  --------  ----------  --------------  ----------
/opt/airflow/dags/pyspark_dag.py    161  0.65s             0           0
================================================================================
[2024-05-29T11:35:37.078+0000] {manager.py:469} INFO - Exiting gracefully upon receiving signal 15
